<?xml version="1.0" encoding="UTF-8"?>
<testsuites name="1" time="128.483" tests="2" failures="0" errors="0">
   <testsuite name="1" tests="2" failures="0" errors="0" time="128.483" skipped="0" timestamp="2022-07-14 14:18:10" hostname="Nia Yusniati - Apandi.mshome.net" id="Test Suites/1">
      <properties>
         <property name="deviceName" value=""/>
         <property name="devicePlatform" value=""/>
         <property name="logFolder" value="C:\\Users\\Nia Yusniati\\Git_Asa\\webview-tracking\\Reports\\20220714_141758\\1\\20220714_141758"/>
         <property name="logFiles" value="C:\\Users\\Nia Yusniati\\Git_Asa\\webview-tracking\\Reports\\20220714_141758\\1\\20220714_141758\\execution0.log"/>
         <property name="attachments" value="C:\\Users\\Nia Yusniati\\Git_Asa\\webview-tracking\\Reports\\20220714_141758\\1\\20220714_141758\\1657783217030.png"/>
         <property name="hostName" value="Nia Yusniati - Apandi.mshome.net"/>
         <property name="os" value="Windows 10 64bit"/>
         <property name="katalonVersion" value="8.1.0.208"/>
         <property name="browser" value="Chrome 103.0.5060.114"/>
         <property name="hostAddress" value="192.168.137.70"/>
         <property name="sessionId" value="457b546227ebb4e2a1fbec8cfc4816e3"/>
         <property name="seleniumVersion" value="3.141.59"/>
         <property name="proxyInformation" value="ProxyInformation { proxyOption=NO_PROXY, proxyServerType=HTTP, username=, password=********, proxyServerAddress=, proxyServerPort=0, executionList=&quot;&quot;, isApplyToDesiredCapabilities=true }"/>
         <property name="platform" value="Windows 10"/>
      </properties>
      <testcase name="Test Cases/api" time="4.13" classname="Test Cases/api" status="PASSED">
         <system-out><![CDATA[2022-07-14 14:18:11 - [TEST_CASE][PASSED] - Test Cases/api: Test Cases/api

2022-07-14 14:18:12 - [TEST_STEP][PASSED] - request = sendRequest(findTestObject("get request id", ["nik":nik])): Send request successfully

2022-07-14 14:18:14 - [MESSAGE][INFO] - HAR: C:\Users\Nia Yusniati\Git_Asa\webview-tracking\Reports\20220714_141758\1\20220714_141758\requests\main\0.har

2022-07-14 14:18:14 - [MESSAGE][PASSED] - Send request successfully

2022-07-14 14:18:15 - [TEST_STEP][PASSED] - slurper = new groovy.json.JsonSlurper(): null

2022-07-14 14:18:15 - [TEST_STEP][PASSED] - get_token = slurper.parseText(request.getResponseBodyContent()): null

2022-07-14 14:18:15 - [TEST_STEP][PASSED] - req_id = requestId: null

2022-07-14 14:18:15 - [TEST_STEP][PASSED] - request_id = req_id: null

2022-07-14 14:18:15 - [TEST_STEP][PASSED] - println("token is :" + request_id): null

2022-07-14 14:18:15 - [TEST_STEP][PASSED] - response_token = request.getResponseText(): null

2022-07-14 14:18:15 - [TEST_STEP][PASSED] - logInfo($response_token): {"errorCode":"00","errorMessage":"sukses","requestId":"Csa4wLGbKt+9pTia9Uy8D1LSFBFgz9QYY0WUNs/AZETD1Q0HX9uISRbxfpJ+4vwz"}

2022-07-14 14:18:15 - [MESSAGE][INFO] - {"errorCode":"00","errorMessage":"sukses","requestId":"Csa4wLGbKt+9pTia9Uy8D1LSFBFgz9QYY0WUNs/AZETD1Q0HX9uISRbxfpJ+4vwz"}]]></system-out>
         <system-err><![CDATA[]]></system-err>
      </testcase>
      <testcase name="Test Cases/web" time="122.383" classname="Test Cases/web" status="PASSED">
         <system-out><![CDATA[2022-07-14 14:18:15 - [TEST_CASE][PASSED] - Test Cases/web: Test Cases/web

2022-07-14 14:18:16 - [TEST_STEP][PASSED] - openBrowser(""): Browser is opened with url: ''

2022-07-14 14:18:16 - [MESSAGE][INFO] - Starting 'Chrome' driver

2022-07-14 14:18:16 - [MESSAGE][INFO] - Action delay is set to 0 milliseconds

2022-07-14 14:18:18 - [MESSAGE][PASSED] - Browser is opened with url: ''

2022-07-14 14:18:18 - [TEST_STEP][PASSED] - navigateToUrl("https://tracking.idofocus.co.id:25443/status-pengajuan?request_id=" + request_id): Navigate to 'https://tracking.idofocus.co.id:25443/status-pengajuan?request_id=Csa4wLGbKt+9pTia9Uy8D1LSFBFgz9QYY0WUNs/AZETD1Q0HX9uISRbxfpJ+4vwz' successfully

2022-07-14 14:18:22 - [MESSAGE][PASSED] - Navigate to 'https://tracking.idofocus.co.id:25443/status-pengajuan?request_id=Csa4wLGbKt+9pTia9Uy8D1LSFBFgz9QYY0WUNs/AZETD1Q0HX9uISRbxfpJ+4vwz' successfully

2022-07-14 14:18:22 - [TEST_STEP][PASSED] - delay(5): Delayed 5 second(s)

2022-07-14 14:18:27 - [MESSAGE][PASSED] - Delayed 5 second(s)

2022-07-14 14:18:27 - [TEST_STEP][PASSED] - verifyElementNotChecked(findTestObject("Verify2/Page_BcafTracking/div_Aplikasi Pembiayaan Received  Toyota - New avanza 14 Jul 2022 Upgrade Asuransi Polis Terbit  TOYOTA - AGYA B 8768 KUH12 Jul 2022"), 0): Object 'Object Repository/Verify2/Page_BcafTracking/div_Aplikasi Pembiayaan Received  Toyota - New avanza 14 Jul 2022 Upgrade Asuransi Polis Terbit  TOYOTA - AGYA B 8768 KUH12 Jul 2022' is not checked

2022-07-14 14:18:27 - [MESSAGE][WARNING] - Timeout '0' is invalid. Using default page load timeout: '30'

2022-07-14 14:18:27 - [MESSAGE][PASSED] - Object 'Object Repository/Verify2/Page_BcafTracking/div_Aplikasi Pembiayaan Received  Toyota - New avanza 14 Jul 2022 Upgrade Asuransi Polis Terbit  TOYOTA - AGYA B 8768 KUH12 Jul 2022' is not checked

2022-07-14 14:18:27 - [TEST_STEP][PASSED] - delay(3): Delayed 3 second(s)

2022-07-14 14:18:30 - [MESSAGE][PASSED] - Delayed 3 second(s)

2022-07-14 14:18:30 - [TEST_STEP][PASSED] - verifyElementNotChecked(findTestObject("Verify2/Page_BcafTracking/div_Aplikasi Pembiayaan"), 0): Object 'Object Repository/Verify2/Page_BcafTracking/div_Aplikasi Pembiayaan' is not checked

2022-07-14 14:18:31 - [MESSAGE][WARNING] - Timeout '0' is invalid. Using default page load timeout: '30'

2022-07-14 14:18:31 - [MESSAGE][PASSED] - Object 'Object Repository/Verify2/Page_BcafTracking/div_Aplikasi Pembiayaan' is not checked

2022-07-14 14:18:31 - [TEST_STEP][PASSED] - delay(3): Delayed 3 second(s)

2022-07-14 14:18:34 - [MESSAGE][PASSED] - Delayed 3 second(s)

2022-07-14 14:18:34 - [TEST_STEP][PASSED] - verifyElementNotChecked(findTestObject("Verify2/Page_BcafTracking/div_14 Jul 2022"), 0): Object 'Object Repository/Verify2/Page_BcafTracking/div_14 Jul 2022' is not checked

2022-07-14 14:18:34 - [MESSAGE][WARNING] - Timeout '0' is invalid. Using default page load timeout: '30'

2022-07-14 14:19:05 - [MESSAGE][INFO] - Unable to find the element located by 'By.xpath: (.//*[normalize-space(text()) and normalize-space(.)='Toyota - New avanza'])[1]/following::div[3]'. Please recheck the objects properties to make sure the desired element is located. 

2022-07-14 14:19:05 - [MESSAGE][WARNING] - [SELF-HEALING] Failed to find element with id 'Object Repository/Verify2/Page_BcafTracking/div_14 Jul 2022'. Try using Self-healing.

2022-07-14 14:19:05 - [MESSAGE][INFO] - [SELF-HEALING] Failed Locator: '(.//*[normalize-space(text()) and normalize-space(.)='Toyota - New avanza'])[1]/following::div[3]'.

2022-07-14 14:19:06 - [MESSAGE][INFO] - [SELF-HEALING] Failed Locator: '(.//*[normalize-space(text()) and normalize-space(.)='Received'])[1]/following::div[5]'.

2022-07-14 14:19:06 - [MESSAGE][INFO] - [SELF-HEALING] Working Locator: '(.//*[normalize-space(text()) and normalize-space(.)='Upgrade Asuransi'])[1]/preceding::div[2]'.

2022-07-14 14:19:06 - [MESSAGE][INFO] - [SELF-HEALING] Screenshot: C:/Users/Nia Yusniati/Git_Asa/webview-tracking/Reports/Self-healing/Object Repository/Verify2/Page_BcafTracking/div_14 Jul 2022_neighbor.png

2022-07-14 14:19:06 - [MESSAGE][WARNING] - [SELF-HEALING] The current locator of test object 'Object Repository/Verify2/Page_BcafTracking/div_14 Jul 2022' was broken. Propose an alternative one: '(.//*[normalize-space(text()) and normalize-space(.)='Upgrade Asuransi'])[1]/preceding::div[2]'.

2022-07-14 14:19:06 - [MESSAGE][PASSED] - Object 'Object Repository/Verify2/Page_BcafTracking/div_14 Jul 2022' is not checked

2022-07-14 14:19:06 - [TEST_STEP][PASSED] - delay(3): Delayed 3 second(s)

2022-07-14 14:19:09 - [MESSAGE][PASSED] - Delayed 3 second(s)

2022-07-14 14:19:09 - [TEST_STEP][PASSED] - verifyElementNotChecked(findTestObject("Verify2/Page_BcafTracking/div_Toyota - New avanza"), 0): Object 'Object Repository/Verify2/Page_BcafTracking/div_Toyota - New avanza' is not checked

2022-07-14 14:19:09 - [MESSAGE][WARNING] - Timeout '0' is invalid. Using default page load timeout: '30'

2022-07-14 14:19:40 - [MESSAGE][INFO] - Unable to find the element located by 'By.xpath: (.//*[normalize-space(text()) and normalize-space(.)='Received'])[1]/following::div[2]'. Please recheck the objects properties to make sure the desired element is located. 

2022-07-14 14:19:40 - [MESSAGE][WARNING] - [SELF-HEALING] Failed to find element with id 'Object Repository/Verify2/Page_BcafTracking/div_Toyota - New avanza'. Try using Self-healing.

2022-07-14 14:19:41 - [MESSAGE][INFO] - [SELF-HEALING] Failed Locator: '(.//*[normalize-space(text()) and normalize-space(.)='Received'])[1]/following::div[2]'.

2022-07-14 14:19:41 - [MESSAGE][INFO] - [SELF-HEALING] Failed Locator: '(.//*[normalize-space(text()) and normalize-space(.)='Aplikasi Pembiayaan'])[1]/following::div[3]'.

2022-07-14 14:19:41 - [MESSAGE][INFO] - [SELF-HEALING] Working Locator: '(.//*[normalize-space(text()) and normalize-space(.)='Upgrade Asuransi'])[1]/preceding::div[5]'.

2022-07-14 14:19:41 - [MESSAGE][INFO] - [SELF-HEALING] Screenshot: C:/Users/Nia Yusniati/Git_Asa/webview-tracking/Reports/Self-healing/Object Repository/Verify2/Page_BcafTracking/div_Toyota - New avanza_neighbor.png

2022-07-14 14:19:41 - [MESSAGE][WARNING] - [SELF-HEALING] The current locator of test object 'Object Repository/Verify2/Page_BcafTracking/div_Toyota - New avanza' was broken. Propose an alternative one: '(.//*[normalize-space(text()) and normalize-space(.)='Upgrade Asuransi'])[1]/preceding::div[5]'.

2022-07-14 14:19:41 - [MESSAGE][PASSED] - Object 'Object Repository/Verify2/Page_BcafTracking/div_Toyota - New avanza' is not checked

2022-07-14 14:19:41 - [TEST_STEP][PASSED] - delay(3): Delayed 3 second(s)

2022-07-14 14:19:45 - [MESSAGE][PASSED] - Delayed 3 second(s)

2022-07-14 14:19:45 - [TEST_STEP][PASSED] - verifyElementNotChecked(findTestObject("Verify2/Page_BcafTracking/span_Received"), 0): Object 'Object Repository/Verify2/Page_BcafTracking/span_Received' is not checked

2022-07-14 14:19:45 - [MESSAGE][WARNING] - Timeout '0' is invalid. Using default page load timeout: '30'

2022-07-14 14:20:16 - [MESSAGE][INFO] - Unable to find the element located by 'By.xpath: (.//*[normalize-space(text()) and normalize-space(.)='Aplikasi Pembiayaan'])[1]/following::span[1]'. Please recheck the objects properties to make sure the desired element is located. 

2022-07-14 14:20:16 - [MESSAGE][WARNING] - [SELF-HEALING] Failed to find element with id 'Object Repository/Verify2/Page_BcafTracking/span_Received'. Try using Self-healing.

2022-07-14 14:20:16 - [MESSAGE][INFO] - [SELF-HEALING] Failed Locator: '(.//*[normalize-space(text()) and normalize-space(.)='Aplikasi Pembiayaan'])[1]/following::span[1]'.

2022-07-14 14:20:16 - [MESSAGE][INFO] - [SELF-HEALING] Working Locator: '(.//*[normalize-space(text()) and normalize-space(.)='Filter By'])[1]/following::span[1]'.

2022-07-14 14:20:16 - [MESSAGE][INFO] - [SELF-HEALING] Screenshot: C:/Users/Nia Yusniati/Git_Asa/webview-tracking/Reports/Self-healing/Object Repository/Verify2/Page_BcafTracking/span_Received_neighbor.png

2022-07-14 14:20:16 - [MESSAGE][WARNING] - [SELF-HEALING] The current locator of test object 'Object Repository/Verify2/Page_BcafTracking/span_Received' was broken. Propose an alternative one: '(.//*[normalize-space(text()) and normalize-space(.)='Filter By'])[1]/following::span[1]'.

2022-07-14 14:20:16 - [MESSAGE][PASSED] - Object 'Object Repository/Verify2/Page_BcafTracking/span_Received' is not checked

2022-07-14 14:20:16 - [TEST_STEP][PASSED] - takeFullPageScreenshot(): Taking screenshot successfully

2022-07-14 14:20:17 - [MESSAGE][INFO] - 0 hidden object(s)

2022-07-14 14:20:17 - [MESSAGE][PASSED] - Taking screenshot successfully
[[ATTACHMENT|C:\\Users\\Nia Yusniati\\Git_Asa\\webview-tracking\\Reports\\20220714_141758\\1\\20220714_141758\\1657783217030.png]]]]></system-out>
         <system-err><![CDATA[]]></system-err>
      </testcase>
      <system-out><![CDATA[2022-07-14 14:18:10 - [TEST_SUITE][PASSED] - 1: Test Cases/web]]></system-out>
      <system-err><![CDATA[]]></system-err>
   </testsuite>
</testsuites>
