<?xml version="1.0" encoding="UTF-8"?>
<testsuites name="1" time="13.306" tests="2" failures="0" errors="0">
   <testsuite name="1" tests="2" failures="0" errors="0" time="13.306" skipped="0" timestamp="2022-07-14 13:50:55" hostname="Nia Yusniati - Apandi.mshome.net" id="Test Suites/1">
      <properties>
         <property name="deviceName" value=""/>
         <property name="devicePlatform" value=""/>
         <property name="logFolder" value="C:\\Users\\Nia Yusniati\\Git_Asa\\webview-tracking\\Reports\\20220714_135043\\1\\20220714_135043"/>
         <property name="logFiles" value="C:\\Users\\Nia Yusniati\\Git_Asa\\webview-tracking\\Reports\\20220714_135043\\1\\20220714_135043\\execution0.log"/>
         <property name="attachments" value="C:\\Users\\Nia Yusniati\\Git_Asa\\webview-tracking\\Reports\\20220714_135043\\1\\20220714_135043\\1657781466345.png"/>
         <property name="hostName" value="Nia Yusniati - Apandi.mshome.net"/>
         <property name="os" value="Windows 10 64bit"/>
         <property name="katalonVersion" value="8.1.0.208"/>
         <property name="browser" value="Chrome 103.0.5060.114"/>
         <property name="hostAddress" value="192.168.137.70"/>
         <property name="sessionId" value="578a937f57ecb80748a21bc5a43d2470"/>
         <property name="seleniumVersion" value="3.141.59"/>
         <property name="proxyInformation" value="ProxyInformation { proxyOption=NO_PROXY, proxyServerType=HTTP, username=, password=********, proxyServerAddress=, proxyServerPort=0, executionList=&quot;&quot;, isApplyToDesiredCapabilities=true }"/>
         <property name="platform" value="Windows 10"/>
      </properties>
      <testcase name="Test Cases/api" time="3.773" classname="Test Cases/api" status="PASSED">
         <system-out><![CDATA[2022-07-14 13:50:56 - [TEST_CASE][PASSED] - Test Cases/api: Test Cases/api

2022-07-14 13:50:57 - [TEST_STEP][PASSED] - request = sendRequest(findTestObject("get request id", ["nik":nik])): Send request successfully

2022-07-14 13:50:59 - [MESSAGE][INFO] - HAR: C:\Users\Nia Yusniati\Git_Asa\webview-tracking\Reports\20220714_135043\1\20220714_135043\requests\main\0.har

2022-07-14 13:50:59 - [MESSAGE][PASSED] - Send request successfully

2022-07-14 13:50:59 - [TEST_STEP][PASSED] - slurper = new groovy.json.JsonSlurper(): null

2022-07-14 13:50:59 - [TEST_STEP][PASSED] - get_token = slurper.parseText(request.getResponseBodyContent()): null

2022-07-14 13:50:59 - [TEST_STEP][PASSED] - req_id = requestId: null

2022-07-14 13:50:59 - [TEST_STEP][PASSED] - request_id = req_id: null

2022-07-14 13:50:59 - [TEST_STEP][PASSED] - println("token is :" + request_id): null

2022-07-14 13:50:59 - [TEST_STEP][PASSED] - response_token = request.getResponseText(): null

2022-07-14 13:50:59 - [TEST_STEP][PASSED] - logInfo($response_token): {"errorCode":"00","errorMessage":"sukses","requestId":"9cH1mfhy0pZOkAkaUgr4D3d1JHzMrJq79urnhwC3WYeGhFu9pzI5kXBTxLWJ5STi"}

2022-07-14 13:50:59 - [MESSAGE][INFO] - {"errorCode":"00","errorMessage":"sukses","requestId":"9cH1mfhy0pZOkAkaUgr4D3d1JHzMrJq79urnhwC3WYeGhFu9pzI5kXBTxLWJ5STi"}]]></system-out>
         <system-err><![CDATA[]]></system-err>
      </testcase>
      <testcase name="Test Cases/web" time="7.351" classname="Test Cases/web" status="PASSED">
         <system-out><![CDATA[2022-07-14 13:50:59 - [TEST_CASE][PASSED] - Test Cases/web: Test Cases/web

2022-07-14 13:51:00 - [TEST_STEP][PASSED] - openBrowser(""): Browser is opened with url: ''

2022-07-14 13:51:00 - [MESSAGE][INFO] - Starting 'Chrome' driver

2022-07-14 13:51:01 - [MESSAGE][INFO] - Action delay is set to 0 milliseconds

2022-07-14 13:51:03 - [MESSAGE][PASSED] - Browser is opened with url: ''

2022-07-14 13:51:03 - [TEST_STEP][PASSED] - navigateToUrl("https://tracking.idofocus.co.id:25443/status-pengajuan?request_id=vphQkJ95bwTmNbpyJ+2Id7we5Nd2B6DsZ7OtlXEonXJgiRz366CPRml2nxMzi8w" + request_id): Navigate to 'https://tracking.idofocus.co.id:25443/status-pengajuan?request_id=vphQkJ95bwTmNbpyJ+2Id7we5Nd2B6DsZ7OtlXEonXJgiRz366CPRml2nxMzi8w9cH1mfhy0pZOkAkaUgr4D3d1JHzMrJq79urnhwC3WYeGhFu9pzI5kXBTxLWJ5STi' successfully

2022-07-14 13:51:04 - [MESSAGE][PASSED] - Navigate to 'https://tracking.idofocus.co.id:25443/status-pengajuan?request_id=vphQkJ95bwTmNbpyJ+2Id7we5Nd2B6DsZ7OtlXEonXJgiRz366CPRml2nxMzi8w9cH1mfhy0pZOkAkaUgr4D3d1JHzMrJq79urnhwC3WYeGhFu9pzI5kXBTxLWJ5STi' successfully

2022-07-14 13:51:04 - [TEST_STEP][PASSED] - delay(2): Delayed 2 second(s)

2022-07-14 13:51:06 - [MESSAGE][PASSED] - Delayed 2 second(s)

2022-07-14 13:51:06 - [TEST_STEP][PASSED] - takeFullPageScreenshot(): Taking screenshot successfully

2022-07-14 13:51:07 - [MESSAGE][INFO] - 0 hidden object(s)

2022-07-14 13:51:07 - [MESSAGE][PASSED] - Taking screenshot successfully
[[ATTACHMENT|C:\\Users\\Nia Yusniati\\Git_Asa\\webview-tracking\\Reports\\20220714_135043\\1\\20220714_135043\\1657781466345.png]]]]></system-out>
         <system-err><![CDATA[]]></system-err>
      </testcase>
      <system-out><![CDATA[2022-07-14 13:50:55 - [TEST_SUITE][PASSED] - 1: Test Cases/web]]></system-out>
      <system-err><![CDATA[]]></system-err>
   </testsuite>
</testsuites>
