<?xml version="1.0" encoding="UTF-8"?>
<testsuites name="1. Web - Setting" time="62.902" tests="2" failures="0" errors="0">
   <testsuite name="1. Web - Setting" tests="2" failures="0" errors="0" time="62.902" skipped="0" timestamp="2022-07-15 15:29:57" hostname="Nia Yusniati - Apandi.mshome.net" id="Test Suites/1. Web - Setting">
      <properties>
         <property name="deviceName" value=""/>
         <property name="devicePlatform" value=""/>
         <property name="logFolder" value="C:\\Users\\Nia Yusniati\\Git_Asa\\webview-tracking\\Reports\\20220715_152933\\1. Web - Setting\\20220715_152933"/>
         <property name="logFiles" value="C:\\Users\\Nia Yusniati\\Git_Asa\\webview-tracking\\Reports\\20220715_152933\\1. Web - Setting\\20220715_152933\\execution0.log"/>
         <property name="attachments" value="C:\Users\Nia Yusniati\Git_Asa\webview-tracking\Screenshoot\keyes\keyes-Web TrackingScreenshoot Web Setting.png, C:\Users\Nia Yusniati\Git_Asa\webview-tracking\Screenshoot\keyes\keyes-Web TrackingScreenshoot Short Terlama.png, C:\Users\Nia Yusniati\Git_Asa\webview-tracking\Screenshoot\keyes\keyes-Web TrackingScreenshoot Semua transaksi.png, C:\Users\Nia Yusniati\Git_Asa\webview-tracking\Screenshoot\keyes\keyes-Web TrackingScreenshoot Status.png, C:\Users\Nia Yusniati\Git_Asa\webview-tracking\Screenshoot\keyes\keyes-Web TrackingScreenshoot Checkbox Final.png"/>
         <property name="hostName" value="Nia Yusniati - Apandi.mshome.net"/>
         <property name="os" value="Windows 10 64bit"/>
         <property name="katalonVersion" value="8.1.0.208"/>
         <property name="browser" value="Chrome 103.0.5060.114"/>
         <property name="hostAddress" value="192.168.137.70"/>
         <property name="sessionId" value="6aa5a00d7c87618fa12ce60956aeb810"/>
         <property name="seleniumVersion" value="3.141.59"/>
         <property name="proxyInformation" value="ProxyInformation { proxyOption=NO_PROXY, proxyServerType=HTTP, username=, password=********, proxyServerAddress=, proxyServerPort=0, executionList=&quot;&quot;, isApplyToDesiredCapabilities=true }"/>
         <property name="platform" value="Windows 10"/>
      </properties>
      <testcase name="Test Cases/api" time="4.377" classname="Test Cases/api" status="PASSED">
         <system-out><![CDATA[2022-07-15 15:29:57 - [TEST_CASE][PASSED] - Test Cases/api: Test Cases/api

2022-07-15 15:29:59 - [TEST_STEP][PASSED] - request = sendRequest(findTestObject("get request id", ["nik":nik])): Send request successfully

2022-07-15 15:30:01 - [MESSAGE][INFO] - HAR: C:\Users\Nia Yusniati\Git_Asa\webview-tracking\Reports\20220715_152933\1. Web - Setting\20220715_152933\requests\main\0.har

2022-07-15 15:30:02 - [MESSAGE][PASSED] - Send request successfully

2022-07-15 15:30:02 - [TEST_STEP][PASSED] - slurper = new groovy.json.JsonSlurper(): null

2022-07-15 15:30:02 - [TEST_STEP][PASSED] - get_token = slurper.parseText(request.getResponseBodyContent()): null

2022-07-15 15:30:02 - [TEST_STEP][PASSED] - req_id = requestId: null

2022-07-15 15:30:02 - [TEST_STEP][PASSED] - request_id = req_id: null

2022-07-15 15:30:02 - [TEST_STEP][PASSED] - println("token is :" + request_id): null

2022-07-15 15:30:02 - [TEST_STEP][PASSED] - response_token = request.getResponseText(): null

2022-07-15 15:30:02 - [TEST_STEP][PASSED] - logInfo($response_token): {"errorCode":"00","errorMessage":"sukses","requestId":"DaWvoPJB5hb8r2PG2f6Q5T6oAeR7q+GsLyP4INAFh1+aJ4yMaPSYgwRC6dMz9pu5"}

2022-07-15 15:30:02 - [MESSAGE][INFO] - {"errorCode":"00","errorMessage":"sukses","requestId":"DaWvoPJB5hb8r2PG2f6Q5T6oAeR7q+GsLyP4INAFh1+aJ4yMaPSYgwRC6dMz9pu5"}]]></system-out>
         <system-err><![CDATA[]]></system-err>
      </testcase>
      <testcase name="Test Cases/web - setting" time="56.653" classname="Test Cases/web - setting" status="PASSED">
         <system-out><![CDATA[2022-07-15 15:30:02 - [TEST_CASE][PASSED] - Test Cases/web - setting: Test Cases/web - setting

2022-07-15 15:30:03 - [TEST_STEP][PASSED] - robot = new java.awt.Robot(): null

2022-07-15 15:30:03 - [TEST_STEP][PASSED] - userDir = getProjectDir(): null

2022-07-15 15:30:03 - [TEST_STEP][PASSED] - openBrowser(""): Browser is opened with url: ''

2022-07-15 15:30:04 - [MESSAGE][INFO] - Starting 'Chrome' driver

2022-07-15 15:30:04 - [MESSAGE][INFO] - Action delay is set to 0 milliseconds

2022-07-15 15:30:06 - [MESSAGE][PASSED] - Browser is opened with url: ''

2022-07-15 15:30:06 - [TEST_STEP][PASSED] - navigateToUrl("https://tracking.idofocus.co.id:25443/status-pengajuan?request_id=" + request_id): Navigate to 'https://tracking.idofocus.co.id:25443/status-pengajuan?request_id=DaWvoPJB5hb8r2PG2f6Q5T6oAeR7q+GsLyP4INAFh1+aJ4yMaPSYgwRC6dMz9pu5' successfully

2022-07-15 15:30:07 - [MESSAGE][PASSED] - Navigate to 'https://tracking.idofocus.co.id:25443/status-pengajuan?request_id=DaWvoPJB5hb8r2PG2f6Q5T6oAeR7q+GsLyP4INAFh1+aJ4yMaPSYgwRC6dMz9pu5' successfully

2022-07-15 15:30:07 - [TEST_STEP][PASSED] - delay(5): Delayed 5 second(s)

2022-07-15 15:30:12 - [MESSAGE][PASSED] - Delayed 5 second(s)

2022-07-15 15:30:12 - [TEST_STEP][PASSED] - comment("Setting untuk data pengajuan yang ditampilkan"): Setting untuk data pengajuan yang ditampilkan

2022-07-15 15:30:12 - [MESSAGE][INFO] - Setting untuk data pengajuan yang ditampilkan

2022-07-15 15:30:12 - [TEST_STEP][PASSED] - click(findTestObject("Filter By/Page_BcafTracking/5.1 Dropdown Filter By")): Object: 'Object Repository/Filter By/Page_BcafTracking/5.1 Dropdown Filter By' is clicked on

2022-07-15 15:30:13 - [MESSAGE][PASSED] - Object: 'Object Repository/Filter By/Page_BcafTracking/5.1 Dropdown Filter By' is clicked on

2022-07-15 15:30:13 - [TEST_STEP][PASSED] - delay(3): Delayed 3 second(s)

2022-07-15 15:30:16 - [MESSAGE][PASSED] - Delayed 3 second(s)

2022-07-15 15:30:16 - [TEST_STEP][PASSED] - takeFullPageScreenshotAsCheckpoint(userDir + sswebviewtracking + "Screenshoot Web Setting.png"): Taking screenshot successfully

2022-07-15 15:30:16 - [MESSAGE][INFO] - 0 hidden object(s)

2022-07-15 15:30:16 - [MESSAGE][PASSED] - Taking screenshot successfully
[[ATTACHMENT|C:\Users\Nia Yusniati\Git_Asa\webview-tracking\Screenshoot\keyes\keyes-Web TrackingScreenshoot Web Setting.png]]

2022-07-15 15:30:16 - [TEST_STEP][PASSED] - markPassed("Screenshoot Web Setting"): Screenshoot Web Setting

2022-07-15 15:30:16 - [MESSAGE][PASSED] - Screenshoot Web Setting

2022-07-15 15:30:16 - [TEST_STEP][PASSED] - click(findTestObject("Filter By/Page_BcafTracking/5.4 button_Terlama")): Object: 'Object Repository/Filter By/Page_BcafTracking/5.4 button_Terlama' is clicked on

2022-07-15 15:30:17 - [MESSAGE][PASSED] - Object: 'Object Repository/Filter By/Page_BcafTracking/5.4 button_Terlama' is clicked on

2022-07-15 15:30:17 - [TEST_STEP][PASSED] - takeFullPageScreenshotAsCheckpoint(userDir + sswebviewtracking + "Screenshoot Short Terlama.png"): Taking screenshot successfully

2022-07-15 15:30:18 - [MESSAGE][INFO] - 0 hidden object(s)

2022-07-15 15:30:18 - [MESSAGE][PASSED] - Taking screenshot successfully
[[ATTACHMENT|C:\Users\Nia Yusniati\Git_Asa\webview-tracking\Screenshoot\keyes\keyes-Web TrackingScreenshoot Short Terlama.png]]

2022-07-15 15:30:18 - [TEST_STEP][PASSED] - markPassed("Screenshoot Short Terlama"): Screenshoot Short Terlama

2022-07-15 15:30:18 - [MESSAGE][PASSED] - Screenshoot Short Terlama

2022-07-15 15:30:18 - [TEST_STEP][PASSED] - click(findTestObject("Filter By/Page_BcafTracking/5.3 button_Terbaru")): Object: 'Object Repository/Filter By/Page_BcafTracking/5.3 button_Terbaru' is clicked on

2022-07-15 15:30:18 - [MESSAGE][PASSED] - Object: 'Object Repository/Filter By/Page_BcafTracking/5.3 button_Terbaru' is clicked on

2022-07-15 15:30:18 - [TEST_STEP][PASSED] - delay(2): Delayed 2 second(s)

2022-07-15 15:30:20 - [MESSAGE][PASSED] - Delayed 2 second(s)

2022-07-15 15:30:20 - [TEST_STEP][PASSED] - click(findTestObject("Filter By/Page_BcafTracking/5.15 Input Semua Transaksi")): Object: 'Object Repository/Filter By/Page_BcafTracking/5.15 Input Semua Transaksi' is clicked on

2022-07-15 15:30:21 - [MESSAGE][PASSED] - Object: 'Object Repository/Filter By/Page_BcafTracking/5.15 Input Semua Transaksi' is clicked on

2022-07-15 15:30:21 - [TEST_STEP][PASSED] - delay(2): Delayed 2 second(s)

2022-07-15 15:30:23 - [MESSAGE][PASSED] - Delayed 2 second(s)

2022-07-15 15:30:23 - [TEST_STEP][PASSED] - click(findTestObject("Filter By/Page_BcafTracking/5.8 Checkbox aplikasi pembiayaan")): Object: 'Object Repository/Filter By/Page_BcafTracking/5.8 Checkbox aplikasi pembiayaan' is clicked on

2022-07-15 15:30:23 - [MESSAGE][PASSED] - Object: 'Object Repository/Filter By/Page_BcafTracking/5.8 Checkbox aplikasi pembiayaan' is clicked on

2022-07-15 15:30:23 - [TEST_STEP][PASSED] - delay(2): Delayed 2 second(s)

2022-07-15 15:30:25 - [MESSAGE][PASSED] - Delayed 2 second(s)

2022-07-15 15:30:25 - [TEST_STEP][PASSED] - click(findTestObject("Filter By/Page_BcafTracking/5.9 Upgrade Asuransi")): Object: 'Object Repository/Filter By/Page_BcafTracking/5.9 Upgrade Asuransi' is clicked on

2022-07-15 15:30:26 - [MESSAGE][PASSED] - Object: 'Object Repository/Filter By/Page_BcafTracking/5.9 Upgrade Asuransi' is clicked on

2022-07-15 15:30:26 - [TEST_STEP][PASSED] - delay(2): Delayed 2 second(s)

2022-07-15 15:30:28 - [MESSAGE][PASSED] - Delayed 2 second(s)

2022-07-15 15:30:28 - [TEST_STEP][PASSED] - click(findTestObject("Filter By/Page_BcafTracking/5.10 Renewal Asuransi")): Object: 'Object Repository/Filter By/Page_BcafTracking/5.10 Renewal Asuransi' is clicked on

2022-07-15 15:30:28 - [MESSAGE][PASSED] - Object: 'Object Repository/Filter By/Page_BcafTracking/5.10 Renewal Asuransi' is clicked on

2022-07-15 15:30:28 - [TEST_STEP][PASSED] - delay(2): Delayed 2 second(s)

2022-07-15 15:30:30 - [MESSAGE][PASSED] - Delayed 2 second(s)

2022-07-15 15:30:30 - [TEST_STEP][PASSED] - click(findTestObject("Filter By/Page_BcafTracking/5.10 Pengurusan BPKB")): Object: 'Object Repository/Filter By/Page_BcafTracking/5.10 Pengurusan BPKB' is clicked on

2022-07-15 15:30:31 - [MESSAGE][PASSED] - Object: 'Object Repository/Filter By/Page_BcafTracking/5.10 Pengurusan BPKB' is clicked on

2022-07-15 15:30:31 - [TEST_STEP][PASSED] - delay(2): Delayed 2 second(s)

2022-07-15 15:30:33 - [MESSAGE][PASSED] - Delayed 2 second(s)

2022-07-15 15:30:33 - [TEST_STEP][PASSED] - takeFullPageScreenshotAsCheckpoint(userDir + sswebviewtracking + "Screenshoot Semua transaksi.png"): Taking screenshot successfully

2022-07-15 15:30:34 - [MESSAGE][INFO] - 0 hidden object(s)

2022-07-15 15:30:34 - [MESSAGE][PASSED] - Taking screenshot successfully
[[ATTACHMENT|C:\Users\Nia Yusniati\Git_Asa\webview-tracking\Screenshoot\keyes\keyes-Web TrackingScreenshoot Semua transaksi.png]]

2022-07-15 15:30:34 - [TEST_STEP][PASSED] - markPassed("Screenshoot Semua transaksi"): Screenshoot Semua transaksi

2022-07-15 15:30:34 - [MESSAGE][PASSED] - Screenshoot Semua transaksi

2022-07-15 15:30:34 - [TEST_STEP][PASSED] - scrollToElement(findTestObject("Filter By/Page_BcafTracking/5.2 button Terapkan"), 0): Scroll to object 'Object Repository/Filter By/Page_BcafTracking/5.2 button Terapkan' successfully

2022-07-15 15:30:34 - [MESSAGE][WARNING] - Timeout '0' is invalid. Using default page load timeout: '30'

2022-07-15 15:30:34 - [MESSAGE][PASSED] - Scroll to object 'Object Repository/Filter By/Page_BcafTracking/5.2 button Terapkan' successfully

2022-07-15 15:30:34 - [TEST_STEP][PASSED] - delay(2): Delayed 2 second(s)

2022-07-15 15:30:36 - [MESSAGE][PASSED] - Delayed 2 second(s)

2022-07-15 15:30:36 - [TEST_STEP][PASSED] - takeFullPageScreenshotAsCheckpoint(userDir + sswebviewtracking + "Screenshoot Status.png"): Taking screenshot successfully

2022-07-15 15:30:37 - [MESSAGE][INFO] - 0 hidden object(s)

2022-07-15 15:30:37 - [MESSAGE][PASSED] - Taking screenshot successfully
[[ATTACHMENT|C:\Users\Nia Yusniati\Git_Asa\webview-tracking\Screenshoot\keyes\keyes-Web TrackingScreenshoot Status.png]]

2022-07-15 15:30:37 - [TEST_STEP][PASSED] - markPassed("Screenshoot Status"): Screenshoot Status

2022-07-15 15:30:37 - [MESSAGE][PASSED] - Screenshoot Status

2022-07-15 15:30:37 - [TEST_STEP][PASSED] - click(findTestObject("Filter By/Page_BcafTracking/5.16 Input Semua Status")): Object: 'Object Repository/Filter By/Page_BcafTracking/5.16 Input Semua Status' is clicked on

2022-07-15 15:30:37 - [MESSAGE][PASSED] - Object: 'Object Repository/Filter By/Page_BcafTracking/5.16 Input Semua Status' is clicked on

2022-07-15 15:30:37 - [TEST_STEP][PASSED] - delay(2): Delayed 2 second(s)

2022-07-15 15:30:39 - [MESSAGE][PASSED] - Delayed 2 second(s)

2022-07-15 15:30:39 - [TEST_STEP][PASSED] - click(findTestObject("Filter By/Page_BcafTracking/5.11 Checkbox Received")): Object: 'Object Repository/Filter By/Page_BcafTracking/5.11 Checkbox Received' is clicked on

2022-07-15 15:30:40 - [MESSAGE][PASSED] - Object: 'Object Repository/Filter By/Page_BcafTracking/5.11 Checkbox Received' is clicked on

2022-07-15 15:30:40 - [TEST_STEP][PASSED] - delay(2): Delayed 2 second(s)

2022-07-15 15:30:42 - [MESSAGE][PASSED] - Delayed 2 second(s)

2022-07-15 15:30:42 - [TEST_STEP][PASSED] - click(findTestObject("Filter By/Page_BcafTracking/5.12 checkbox inprogress")): Object: 'Object Repository/Filter By/Page_BcafTracking/5.12 checkbox inprogress' is clicked on

2022-07-15 15:30:43 - [MESSAGE][PASSED] - Object: 'Object Repository/Filter By/Page_BcafTracking/5.12 checkbox inprogress' is clicked on

2022-07-15 15:30:43 - [TEST_STEP][PASSED] - delay(2): Delayed 2 second(s)

2022-07-15 15:30:45 - [MESSAGE][PASSED] - Delayed 2 second(s)

2022-07-15 15:30:45 - [TEST_STEP][PASSED] - click(findTestObject("Filter By/Page_BcafTracking/5.13 checkbox wait approval")): Object: 'Object Repository/Filter By/Page_BcafTracking/5.13 checkbox wait approval' is clicked on

2022-07-15 15:30:45 - [MESSAGE][PASSED] - Object: 'Object Repository/Filter By/Page_BcafTracking/5.13 checkbox wait approval' is clicked on

2022-07-15 15:30:45 - [TEST_STEP][PASSED] - delay(2): Delayed 2 second(s)

2022-07-15 15:30:47 - [MESSAGE][PASSED] - Delayed 2 second(s)

2022-07-15 15:30:47 - [TEST_STEP][PASSED] - click(findTestObject("Filter By/Page_BcafTracking/5.17 checkbox berhasil")): Object: 'Object Repository/Filter By/Page_BcafTracking/5.17 checkbox berhasil' is clicked on

2022-07-15 15:30:48 - [MESSAGE][PASSED] - Object: 'Object Repository/Filter By/Page_BcafTracking/5.17 checkbox berhasil' is clicked on

2022-07-15 15:30:48 - [TEST_STEP][PASSED] - delay(2): Delayed 2 second(s)

2022-07-15 15:30:50 - [MESSAGE][PASSED] - Delayed 2 second(s)

2022-07-15 15:30:50 - [TEST_STEP][PASSED] - click(findTestObject("Filter By/Page_BcafTracking/5.14 checkbox Gagal-dibatalkan-expired")): Object: 'Object Repository/Filter By/Page_BcafTracking/5.14 checkbox Gagal-dibatalkan-expired' is clicked on

2022-07-15 15:30:50 - [MESSAGE][PASSED] - Object: 'Object Repository/Filter By/Page_BcafTracking/5.14 checkbox Gagal-dibatalkan-expired' is clicked on

2022-07-15 15:30:50 - [TEST_STEP][PASSED] - delay(2): Delayed 2 second(s)

2022-07-15 15:30:52 - [MESSAGE][PASSED] - Delayed 2 second(s)

2022-07-15 15:30:52 - [TEST_STEP][PASSED] - takeFullPageScreenshotAsCheckpoint(userDir + sswebviewtracking + "Screenshoot Checkbox Final.png"): Taking screenshot successfully

2022-07-15 15:30:53 - [MESSAGE][INFO] - 0 hidden object(s)

2022-07-15 15:30:53 - [MESSAGE][PASSED] - Taking screenshot successfully
[[ATTACHMENT|C:\Users\Nia Yusniati\Git_Asa\webview-tracking\Screenshoot\keyes\keyes-Web TrackingScreenshoot Checkbox Final.png]]

2022-07-15 15:30:53 - [TEST_STEP][PASSED] - markPassed("Screenshoot Checkbox Final"): Screenshoot Checkbox Final

2022-07-15 15:30:53 - [MESSAGE][PASSED] - Screenshoot Checkbox Final

2022-07-15 15:30:53 - [TEST_STEP][PASSED] - click(findTestObject("Filter By/Page_BcafTracking/5.2 button Terapkan")): Object: 'Object Repository/Filter By/Page_BcafTracking/5.2 button Terapkan' is clicked on

2022-07-15 15:30:54 - [MESSAGE][PASSED] - Object: 'Object Repository/Filter By/Page_BcafTracking/5.2 button Terapkan' is clicked on

2022-07-15 15:30:54 - [TEST_STEP][PASSED] - delay(5): Delayed 5 second(s)

2022-07-15 15:30:59 - [MESSAGE][PASSED] - Delayed 5 second(s)]]></system-out>
         <system-err><![CDATA[]]></system-err>
      </testcase>
      <system-out><![CDATA[2022-07-15 15:29:57 - [TEST_SUITE][PASSED] - 1. Web - Setting: Test Cases/web - setting]]></system-out>
      <system-err><![CDATA[]]></system-err>
   </testsuite>
</testsuites>
