<?xml version="1.0" encoding="UTF-8"?>
<testsuites name="1" time="5.533" tests="2" failures="0" errors="0">
   <testsuite name="1" tests="2" failures="0" errors="0" time="5.533" skipped="0" timestamp="2022-06-17 17:25:31" hostname="flavalize - localhost" id="Test Suites/1">
      <properties>
         <property name="deviceName" value=""/>
         <property name="devicePlatform" value=""/>
         <property name="logFolder" value="/Volumes/Data/app-testing/app-project/webview-tracking/Reports/20220617_172519/1/20220617_172520"/>
         <property name="logFiles" value="/Volumes/Data/app-testing/app-project/webview-tracking/Reports/20220617_172519/1/20220617_172520/execution0.log"/>
         <property name="attachments" value=""/>
         <property name="hostName" value="flavalize - localhost"/>
         <property name="os" value="Mac OS X 64bit"/>
         <property name="katalonVersion" value="8.3.0.208"/>
         <property name="browser" value="Chrome 102.0.5005.115"/>
         <property name="hostAddress" value="127.0.0.1"/>
         <property name="sessionId" value="1d901f4e34e2c7ce61af95ffeb17f84e"/>
         <property name="seleniumVersion" value="3.141.59"/>
         <property name="proxyInformation" value="ProxyInformation { proxyOption=NO_PROXY, proxyServerType=HTTP, username=, password=********, proxyServerAddress=, proxyServerPort=0, executionList=&quot;&quot;, isApplyToDesiredCapabilities=true }"/>
         <property name="platform" value="Mac OS X"/>
      </properties>
      <testcase name="Test Cases/api" time="1.188" classname="Test Cases/api" status="PASSED">
         <system-out><![CDATA[2022-06-17 17:25:31 - [TEST_CASE][PASSED] - Test Cases/api: Test Cases/api

2022-06-17 17:25:31 - [TEST_STEP][PASSED] - request = sendRequest(findTestObject("get request id", ["nik":nik])): Send request successfully

2022-06-17 17:25:32 - [MESSAGE][INFO] - HAR: /Volumes/Data/app-testing/app-project/webview-tracking/Reports/20220617_172519/1/20220617_172520/requests/main/0.har

2022-06-17 17:25:32 - [MESSAGE][PASSED] - Send request successfully

2022-06-17 17:25:32 - [TEST_STEP][PASSED] - slurper = new groovy.json.JsonSlurper(): null

2022-06-17 17:25:32 - [TEST_STEP][PASSED] - get_token = slurper.parseText(request.getResponseBodyContent()): null

2022-06-17 17:25:32 - [TEST_STEP][PASSED] - req_id = requestId: null

2022-06-17 17:25:32 - [TEST_STEP][PASSED] - request_id = req_id: null

2022-06-17 17:25:32 - [TEST_STEP][PASSED] - println("token is :" + request_id): null

2022-06-17 17:25:32 - [TEST_STEP][PASSED] - response_token = request.getResponseText(): null

2022-06-17 17:25:32 - [TEST_STEP][PASSED] - logInfo($response_token): {"errorCode":"00","errorMessage":"sukses","requestId":"3SkilTtv3vlmvrcvEIAHNADAZmwiYBHN7M0nb/Hoh1rbMJW/1srLaMNymol1ZHXA"}

2022-06-17 17:25:32 - [MESSAGE][INFO] - {"errorCode":"00","errorMessage":"sukses","requestId":"3SkilTtv3vlmvrcvEIAHNADAZmwiYBHN7M0nb/Hoh1rbMJW/1srLaMNymol1ZHXA"}]]></system-out>
         <system-err><![CDATA[]]></system-err>
      </testcase>
      <testcase name="Test Cases/web" time="4.173" classname="Test Cases/web" status="PASSED">
         <system-out><![CDATA[2022-06-17 17:25:32 - [TEST_CASE][PASSED] - Test Cases/web: Test Cases/web

2022-06-17 17:25:32 - [TEST_STEP][PASSED] - openBrowser(""): Browser is opened with url: ''

2022-06-17 17:25:32 - [MESSAGE][INFO] - Starting 'Chrome' driver

2022-06-17 17:25:32 - [MESSAGE][INFO] - Action delay is set to 0 milliseconds

2022-06-17 17:25:34 - [MESSAGE][PASSED] - Browser is opened with url: ''

2022-06-17 17:25:34 - [TEST_STEP][PASSED] - navigateToUrl("https://tracking.idofocus.co.id:25443/status-pengajuan?request_id=" + request_id): Navigate to 'https://tracking.idofocus.co.id:25443/status-pengajuan?request_id=3SkilTtv3vlmvrcvEIAHNADAZmwiYBHN7M0nb/Hoh1rbMJW/1srLaMNymol1ZHXA' successfully

2022-06-17 17:25:36 - [MESSAGE][PASSED] - Navigate to 'https://tracking.idofocus.co.id:25443/status-pengajuan?request_id=3SkilTtv3vlmvrcvEIAHNADAZmwiYBHN7M0nb/Hoh1rbMJW/1srLaMNymol1ZHXA' successfully]]></system-out>
         <system-err><![CDATA[]]></system-err>
      </testcase>
      <system-out><![CDATA[2022-06-17 17:25:31 - [TEST_SUITE][PASSED] - 1: Test Cases/web]]></system-out>
      <system-err><![CDATA[]]></system-err>
   </testsuite>
</testsuites>
