<?xml version="1.0" encoding="UTF-8"?>
<testsuites name="1" time="13.179" tests="2" failures="0" errors="0">
   <testsuite name="1" tests="2" failures="0" errors="0" time="13.179" skipped="0" timestamp="2022-07-14 13:56:25" hostname="Nia Yusniati - Apandi.mshome.net" id="Test Suites/1">
      <properties>
         <property name="deviceName" value=""/>
         <property name="devicePlatform" value=""/>
         <property name="logFolder" value="C:\\Users\\Nia Yusniati\\Git_Asa\\webview-tracking\\Reports\\20220714_135613\\1\\20220714_135613"/>
         <property name="logFiles" value="C:\\Users\\Nia Yusniati\\Git_Asa\\webview-tracking\\Reports\\20220714_135613\\1\\20220714_135613\\execution0.log"/>
         <property name="attachments" value="C:\\Users\\Nia Yusniati\\Git_Asa\\webview-tracking\\Reports\\20220714_135613\\1\\20220714_135613\\1657781796008.png"/>
         <property name="hostName" value="Nia Yusniati - Apandi.mshome.net"/>
         <property name="os" value="Windows 10 64bit"/>
         <property name="katalonVersion" value="8.1.0.208"/>
         <property name="browser" value="Chrome 103.0.5060.114"/>
         <property name="hostAddress" value="192.168.137.70"/>
         <property name="sessionId" value="21a33a6edef3beefa6181b643b77fb9e"/>
         <property name="seleniumVersion" value="3.141.59"/>
         <property name="proxyInformation" value="ProxyInformation { proxyOption=NO_PROXY, proxyServerType=HTTP, username=, password=********, proxyServerAddress=, proxyServerPort=0, executionList=&quot;&quot;, isApplyToDesiredCapabilities=true }"/>
         <property name="platform" value="Windows 10"/>
      </properties>
      <testcase name="Test Cases/api" time="3.817" classname="Test Cases/api" status="PASSED">
         <system-out><![CDATA[2022-07-14 13:56:25 - [TEST_CASE][PASSED] - Test Cases/api: Test Cases/api

2022-07-14 13:56:26 - [TEST_STEP][PASSED] - request = sendRequest(findTestObject("get request id", ["nik":nik])): Send request successfully

2022-07-14 13:56:29 - [MESSAGE][INFO] - HAR: C:\Users\Nia Yusniati\Git_Asa\webview-tracking\Reports\20220714_135613\1\20220714_135613\requests\main\0.har

2022-07-14 13:56:29 - [MESSAGE][PASSED] - Send request successfully

2022-07-14 13:56:29 - [TEST_STEP][PASSED] - slurper = new groovy.json.JsonSlurper(): null

2022-07-14 13:56:29 - [TEST_STEP][PASSED] - get_token = slurper.parseText(request.getResponseBodyContent()): null

2022-07-14 13:56:29 - [TEST_STEP][PASSED] - req_id = requestId: null

2022-07-14 13:56:29 - [TEST_STEP][PASSED] - request_id = req_id: null

2022-07-14 13:56:29 - [TEST_STEP][PASSED] - println("token is :" + request_id): null

2022-07-14 13:56:29 - [TEST_STEP][PASSED] - response_token = request.getResponseText(): null

2022-07-14 13:56:29 - [TEST_STEP][PASSED] - logInfo($response_token): {"errorCode":"00","errorMessage":"sukses","requestId":"x1Chl0TtWgbijRF+t4+dtMwEReY5NOJB0pYmkQ9qZ+ejtOZp/yqy63q5QfctNzGu"}

2022-07-14 13:56:29 - [MESSAGE][INFO] - {"errorCode":"00","errorMessage":"sukses","requestId":"x1Chl0TtWgbijRF+t4+dtMwEReY5NOJB0pYmkQ9qZ+ejtOZp/yqy63q5QfctNzGu"}]]></system-out>
         <system-err><![CDATA[]]></system-err>
      </testcase>
      <testcase name="Test Cases/web" time="7.139" classname="Test Cases/web" status="PASSED">
         <system-out><![CDATA[2022-07-14 13:56:29 - [TEST_CASE][PASSED] - Test Cases/web: Test Cases/web

2022-07-14 13:56:30 - [TEST_STEP][PASSED] - openBrowser(""): Browser is opened with url: ''

2022-07-14 13:56:30 - [MESSAGE][INFO] - Starting 'Chrome' driver

2022-07-14 13:56:30 - [MESSAGE][INFO] - Action delay is set to 0 milliseconds

2022-07-14 13:56:33 - [MESSAGE][PASSED] - Browser is opened with url: ''

2022-07-14 13:56:33 - [TEST_STEP][PASSED] - navigateToUrl("https://tracking.idofocus.co.id:25443/status-pengajuan?request_id=" + request_id): Navigate to 'https://tracking.idofocus.co.id:25443/status-pengajuan?request_id=x1Chl0TtWgbijRF+t4+dtMwEReY5NOJB0pYmkQ9qZ+ejtOZp/yqy63q5QfctNzGu' successfully

2022-07-14 13:56:33 - [MESSAGE][PASSED] - Navigate to 'https://tracking.idofocus.co.id:25443/status-pengajuan?request_id=x1Chl0TtWgbijRF+t4+dtMwEReY5NOJB0pYmkQ9qZ+ejtOZp/yqy63q5QfctNzGu' successfully

2022-07-14 13:56:33 - [TEST_STEP][PASSED] - delay(2): Delayed 2 second(s)

2022-07-14 13:56:35 - [MESSAGE][PASSED] - Delayed 2 second(s)

2022-07-14 13:56:35 - [TEST_STEP][PASSED] - takeFullPageScreenshot(): Taking screenshot successfully

2022-07-14 13:56:36 - [MESSAGE][INFO] - 0 hidden object(s)

2022-07-14 13:56:36 - [MESSAGE][PASSED] - Taking screenshot successfully
[[ATTACHMENT|C:\\Users\\Nia Yusniati\\Git_Asa\\webview-tracking\\Reports\\20220714_135613\\1\\20220714_135613\\1657781796008.png]]]]></system-out>
         <system-err><![CDATA[]]></system-err>
      </testcase>
      <system-out><![CDATA[2022-07-14 13:56:25 - [TEST_SUITE][PASSED] - 1: Test Cases/web]]></system-out>
      <system-err><![CDATA[]]></system-err>
   </testsuite>
</testsuites>
