<?xml version="1.0" encoding="UTF-8"?>
<testsuites name="1" time="143.738" tests="2" failures="0" errors="0">
   <testsuite name="1" tests="2" failures="0" errors="0" time="143.738" skipped="0" timestamp="2022-07-15 10:23:47" hostname="Nia Yusniati - Apandi.mshome.net" id="Test Suites/1">
      <properties>
         <property name="deviceName" value=""/>
         <property name="devicePlatform" value=""/>
         <property name="logFolder" value="C:\\Users\\Nia Yusniati\\Git_Asa\\webview-tracking\\Reports\\20220715_102230\\1\\20220715_102230"/>
         <property name="logFiles" value="C:\\Users\\Nia Yusniati\\Git_Asa\\webview-tracking\\Reports\\20220715_102230\\1\\20220715_102230\\execution0.log"/>
         <property name="attachments" value="C:\Users\Nia Yusniati\Git_Asa\webview-tracking\Screenshoot\keyes\keyes-Web TrackingScreenshoot Web Tracking List Pengajuan.png, C:\Users\Nia Yusniati\Git_Asa\webview-tracking\Screenshoot\keyes\keyes-Web TrackingScreenshoot Web Tracking Halaman Detail Pengajuan.png, C:\Users\Nia Yusniati\Git_Asa\webview-tracking\Screenshoot\keyes\keyes-Web TrackingScreenshoot Web Tracking Halaman Detail Pengajuan sampai mana.png, C:\Users\Nia Yusniati\Git_Asa\webview-tracking\Screenshoot\keyes\keyes-Web TrackingScreenshoot Web Tracking Info Pengajuan.png"/>
         <property name="hostName" value="Nia Yusniati - Apandi.mshome.net"/>
         <property name="os" value="Windows 10 64bit"/>
         <property name="katalonVersion" value="8.1.0.208"/>
         <property name="browser" value="Chrome 103.0.5060.114"/>
         <property name="hostAddress" value="192.168.137.70"/>
         <property name="sessionId" value="c96032a29ee6852f052674399fce3aa1"/>
         <property name="seleniumVersion" value="3.141.59"/>
         <property name="proxyInformation" value="ProxyInformation { proxyOption=NO_PROXY, proxyServerType=HTTP, username=, password=********, proxyServerAddress=, proxyServerPort=0, executionList=&quot;&quot;, isApplyToDesiredCapabilities=true }"/>
         <property name="platform" value="Windows 10"/>
      </properties>
      <testcase name="Test Cases/api" time="6.697" classname="Test Cases/api" status="PASSED">
         <system-out><![CDATA[2022-07-15 10:23:48 - [TEST_CASE][PASSED] - Test Cases/api: Test Cases/api

2022-07-15 10:23:49 - [TEST_STEP][PASSED] - request = sendRequest(findTestObject("get request id", ["nik":nik])): Send request successfully

2022-07-15 10:23:53 - [MESSAGE][INFO] - HAR: C:\Users\Nia Yusniati\Git_Asa\webview-tracking\Reports\20220715_102230\1\20220715_102230\requests\main\0.har

2022-07-15 10:23:54 - [MESSAGE][PASSED] - Send request successfully

2022-07-15 10:23:54 - [TEST_STEP][PASSED] - slurper = new groovy.json.JsonSlurper(): null

2022-07-15 10:23:54 - [TEST_STEP][PASSED] - get_token = slurper.parseText(request.getResponseBodyContent()): null

2022-07-15 10:23:54 - [TEST_STEP][PASSED] - req_id = requestId: null

2022-07-15 10:23:54 - [TEST_STEP][PASSED] - request_id = req_id: null

2022-07-15 10:23:54 - [TEST_STEP][PASSED] - println("token is :" + request_id): null

2022-07-15 10:23:54 - [TEST_STEP][PASSED] - response_token = request.getResponseText(): null

2022-07-15 10:23:54 - [TEST_STEP][PASSED] - logInfo($response_token): {"errorCode":"00","errorMessage":"sukses","requestId":"zgT6R2CGrKNa7ouOJvCVxiM9HFMU17QD4wat5n8PUwnzvH3QX/EY9IjmG8OUtWh1"}

2022-07-15 10:23:54 - [MESSAGE][INFO] - {"errorCode":"00","errorMessage":"sukses","requestId":"zgT6R2CGrKNa7ouOJvCVxiM9HFMU17QD4wat5n8PUwnzvH3QX/EY9IjmG8OUtWh1"}]]></system-out>
         <system-err><![CDATA[]]></system-err>
      </testcase>
      <testcase name="Test Cases/web" time="134.07" classname="Test Cases/web" status="PASSED">
         <system-out><![CDATA[2022-07-15 10:23:54 - [TEST_CASE][PASSED] - Test Cases/web: Test Cases/web

2022-07-15 10:23:56 - [TEST_STEP][PASSED] - robot = new java.awt.Robot(): null

2022-07-15 10:23:56 - [TEST_STEP][PASSED] - userDir = getProjectDir(): null

2022-07-15 10:23:56 - [TEST_STEP][PASSED] - openBrowser(""): Browser is opened with url: ''

2022-07-15 10:23:57 - [MESSAGE][INFO] - Starting 'Chrome' driver

2022-07-15 10:23:57 - [MESSAGE][INFO] - Action delay is set to 0 milliseconds

2022-07-15 10:24:01 - [MESSAGE][PASSED] - Browser is opened with url: ''

2022-07-15 10:24:01 - [TEST_STEP][PASSED] - navigateToUrl("https://tracking.idofocus.co.id:25443/status-pengajuan?request_id=" + request_id): Navigate to 'https://tracking.idofocus.co.id:25443/status-pengajuan?request_id=zgT6R2CGrKNa7ouOJvCVxiM9HFMU17QD4wat5n8PUwnzvH3QX/EY9IjmG8OUtWh1' successfully

2022-07-15 10:24:02 - [MESSAGE][PASSED] - Navigate to 'https://tracking.idofocus.co.id:25443/status-pengajuan?request_id=zgT6R2CGrKNa7ouOJvCVxiM9HFMU17QD4wat5n8PUwnzvH3QX/EY9IjmG8OUtWh1' successfully

2022-07-15 10:24:02 - [TEST_STEP][PASSED] - delay(5): Delayed 5 second(s)

2022-07-15 10:24:08 - [MESSAGE][PASSED] - Delayed 5 second(s)

2022-07-15 10:24:08 - [TEST_STEP][PASSED] - comment("Verifikasi Element untuk cek setiap object yang muncul"): Verifikasi Element untuk cek setiap object yang muncul

2022-07-15 10:24:08 - [MESSAGE][INFO] - Verifikasi Element untuk cek setiap object yang muncul

2022-07-15 10:24:08 - [TEST_STEP][PASSED] - verifyElementPresent(findTestObject("Verify2/Page_BcafTracking/div_Aplikasi Pembiayaan Received  Toyota - New avanza 14 Jul 2022 Upgrade Asuransi Polis Terbit  TOYOTA - AGYA B 8768 KUH12 Jul 2022"), 0, STOP_ON_FAILURE): Object 'Object Repository/Verify2/Page_BcafTracking/div_Aplikasi Pembiayaan Received  Toyota - New avanza 14 Jul 2022 Upgrade Asuransi Polis Terbit  TOYOTA - AGYA B 8768 KUH12 Jul 2022' is present

2022-07-15 10:24:08 - [MESSAGE][WARNING] - Timeout '0' is invalid. Using default page load timeout: '30'

2022-07-15 10:24:08 - [MESSAGE][PASSED] - Object 'Object Repository/Verify2/Page_BcafTracking/div_Aplikasi Pembiayaan Received  Toyota - New avanza 14 Jul 2022 Upgrade Asuransi Polis Terbit  TOYOTA - AGYA B 8768 KUH12 Jul 2022' is present

2022-07-15 10:24:08 - [TEST_STEP][PASSED] - delay(3): Delayed 3 second(s)

2022-07-15 10:24:11 - [MESSAGE][PASSED] - Delayed 3 second(s)

2022-07-15 10:24:11 - [TEST_STEP][PASSED] - verifyElementPresent(findTestObject("Verify2/Page_BcafTracking/div_Aplikasi Pembiayaan"), 0, STOP_ON_FAILURE): Object 'Object Repository/Verify2/Page_BcafTracking/div_Aplikasi Pembiayaan' is present

2022-07-15 10:24:11 - [MESSAGE][WARNING] - Timeout '0' is invalid. Using default page load timeout: '30'

2022-07-15 10:24:12 - [MESSAGE][PASSED] - Object 'Object Repository/Verify2/Page_BcafTracking/div_Aplikasi Pembiayaan' is present

2022-07-15 10:24:12 - [TEST_STEP][PASSED] - delay(3): Delayed 3 second(s)

2022-07-15 10:24:15 - [MESSAGE][PASSED] - Delayed 3 second(s)

2022-07-15 10:24:15 - [TEST_STEP][PASSED] - verifyElementPresent(findTestObject("Verify2/Page_BcafTracking/div_14 Jul 2022"), 0, STOP_ON_FAILURE): Object 'Object Repository/Verify2/Page_BcafTracking/div_14 Jul 2022' is present

2022-07-15 10:24:15 - [MESSAGE][WARNING] - Timeout '0' is invalid. Using default page load timeout: '30'

2022-07-15 10:24:15 - [MESSAGE][PASSED] - Object 'Object Repository/Verify2/Page_BcafTracking/div_14 Jul 2022' is present

2022-07-15 10:24:15 - [TEST_STEP][PASSED] - delay(3): Delayed 3 second(s)

2022-07-15 10:24:18 - [MESSAGE][PASSED] - Delayed 3 second(s)

2022-07-15 10:24:18 - [TEST_STEP][PASSED] - verifyElementPresent(findTestObject("Verify2/Page_BcafTracking/div_Toyota - New avanza"), 0, STOP_ON_FAILURE): Object 'Object Repository/Verify2/Page_BcafTracking/div_Toyota - New avanza' is present

2022-07-15 10:24:19 - [MESSAGE][WARNING] - Timeout '0' is invalid. Using default page load timeout: '30'

2022-07-15 10:24:19 - [MESSAGE][PASSED] - Object 'Object Repository/Verify2/Page_BcafTracking/div_Toyota - New avanza' is present

2022-07-15 10:24:19 - [TEST_STEP][PASSED] - delay(3): Delayed 3 second(s)

2022-07-15 10:24:22 - [MESSAGE][PASSED] - Delayed 3 second(s)

2022-07-15 10:24:22 - [TEST_STEP][PASSED] - verifyElementPresent(findTestObject("Verify2/Page_BcafTracking/span_Received"), 0, STOP_ON_FAILURE): Object 'Object Repository/Verify2/Page_BcafTracking/span_Received' is present

2022-07-15 10:24:22 - [MESSAGE][WARNING] - Timeout '0' is invalid. Using default page load timeout: '30'

2022-07-15 10:24:22 - [MESSAGE][PASSED] - Object 'Object Repository/Verify2/Page_BcafTracking/span_Received' is present

2022-07-15 10:24:22 - [TEST_STEP][PASSED] - takeFullPageScreenshotAsCheckpoint(userDir + sswebviewtracking + "Screenshoot Web Tracking List Pengajuan.png"): Taking screenshot successfully

2022-07-15 10:24:23 - [MESSAGE][INFO] - 0 hidden object(s)

2022-07-15 10:24:24 - [MESSAGE][PASSED] - Taking screenshot successfully
[[ATTACHMENT|C:\Users\Nia Yusniati\Git_Asa\webview-tracking\Screenshoot\keyes\keyes-Web TrackingScreenshoot Web Tracking List Pengajuan.png]]

2022-07-15 10:24:24 - [TEST_STEP][PASSED] - markPassed("Screenshoot Web Tracking List Pengajuan"): Screenshoot Web Tracking List Pengajuan

2022-07-15 10:24:24 - [MESSAGE][PASSED] - Screenshoot Web Tracking List Pengajuan

2022-07-15 10:24:24 - [TEST_STEP][PASSED] - delay(5): Delayed 5 second(s)

2022-07-15 10:24:29 - [MESSAGE][PASSED] - Delayed 5 second(s)

2022-07-15 10:24:29 - [TEST_STEP][PASSED] - click(findTestObject("Verify2/Page_BcafTracking/div_Toyota - New avanza")): Object: 'Object Repository/Verify2/Page_BcafTracking/div_Toyota - New avanza' is clicked on

2022-07-15 10:24:29 - [MESSAGE][PASSED] - Object: 'Object Repository/Verify2/Page_BcafTracking/div_Toyota - New avanza' is clicked on

2022-07-15 10:24:29 - [TEST_STEP][PASSED] - comment("Info Detail List Pengajuan"): Info Detail List Pengajuan

2022-07-15 10:24:29 - [MESSAGE][INFO] - Info Detail List Pengajuan

2022-07-15 10:24:29 - [TEST_STEP][PASSED] - delay(3): Delayed 3 second(s)

2022-07-15 10:24:32 - [MESSAGE][PASSED] - Delayed 3 second(s)

2022-07-15 10:24:32 - [TEST_STEP][PASSED] - verifyElementPresent(findTestObject("Status Pengajuan/i_Received_far fa-question-circle fs-16"), 0): Object 'Object Repository/Status Pengajuan/i_Received_far fa-question-circle fs-16' is present

2022-07-15 10:24:33 - [MESSAGE][WARNING] - Timeout '0' is invalid. Using default page load timeout: '30'

2022-07-15 10:24:33 - [MESSAGE][PASSED] - Object 'Object Repository/Status Pengajuan/i_Received_far fa-question-circle fs-16' is present

2022-07-15 10:24:33 - [TEST_STEP][PASSED] - delay(3): Delayed 3 second(s)

2022-07-15 10:24:36 - [MESSAGE][PASSED] - Delayed 3 second(s)

2022-07-15 10:24:36 - [TEST_STEP][PASSED] - verifyElementPresent(findTestObject("Status Pengajuan/div_14 Jul 2022  0134"), 0): Object 'Object Repository/Status Pengajuan/div_14 Jul 2022  0134' is present

2022-07-15 10:24:36 - [MESSAGE][WARNING] - Timeout '0' is invalid. Using default page load timeout: '30'

2022-07-15 10:24:36 - [MESSAGE][PASSED] - Object 'Object Repository/Status Pengajuan/div_14 Jul 2022  0134' is present

2022-07-15 10:24:36 - [TEST_STEP][PASSED] - delay(3): Delayed 3 second(s)

2022-07-15 10:24:39 - [MESSAGE][PASSED] - Delayed 3 second(s)

2022-07-15 10:24:39 - [TEST_STEP][PASSED] - verifyElementPresent(findTestObject("Status Pengajuan/i_Received_far fa-question-circle fs-16"), 0): Object 'Object Repository/Status Pengajuan/i_Received_far fa-question-circle fs-16' is present

2022-07-15 10:24:40 - [MESSAGE][WARNING] - Timeout '0' is invalid. Using default page load timeout: '30'

2022-07-15 10:24:40 - [MESSAGE][PASSED] - Object 'Object Repository/Status Pengajuan/i_Received_far fa-question-circle fs-16' is present

2022-07-15 10:24:40 - [TEST_STEP][PASSED] - delay(3): Delayed 3 second(s)

2022-07-15 10:24:43 - [MESSAGE][PASSED] - Delayed 3 second(s)

2022-07-15 10:24:43 - [TEST_STEP][PASSED] - verifyElementPresent(findTestObject("Status Pengajuan/div_Request ID220700160"), 0): Object 'Object Repository/Status Pengajuan/div_Request ID220700160' is present

2022-07-15 10:24:43 - [MESSAGE][WARNING] - Timeout '0' is invalid. Using default page load timeout: '30'

2022-07-15 10:24:44 - [MESSAGE][PASSED] - Object 'Object Repository/Status Pengajuan/div_Request ID220700160' is present

2022-07-15 10:24:44 - [TEST_STEP][PASSED] - delay(3): Delayed 3 second(s)

2022-07-15 10:24:47 - [MESSAGE][PASSED] - Delayed 3 second(s)

2022-07-15 10:24:47 - [TEST_STEP][PASSED] - verifyElementPresent(findTestObject("Status Pengajuan/div_Nama Pengaju  BILLY BUMBLEBEE SIFUIAN"), 0): Object 'Object Repository/Status Pengajuan/div_Nama Pengaju  BILLY BUMBLEBEE SIFUIAN' is present

2022-07-15 10:24:47 - [MESSAGE][WARNING] - Timeout '0' is invalid. Using default page load timeout: '30'

2022-07-15 10:24:47 - [MESSAGE][PASSED] - Object 'Object Repository/Status Pengajuan/div_Nama Pengaju  BILLY BUMBLEBEE SIFUIAN' is present

2022-07-15 10:24:47 - [TEST_STEP][PASSED] - delay(3): Delayed 3 second(s)

2022-07-15 10:24:50 - [MESSAGE][PASSED] - Delayed 3 second(s)

2022-07-15 10:24:50 - [TEST_STEP][PASSED] - verifyElementPresent(findTestObject("Status Pengajuan/div_Merk Kendaraan  Toyota"), 0): Object 'Object Repository/Status Pengajuan/div_Merk Kendaraan  Toyota' is present

2022-07-15 10:24:50 - [MESSAGE][WARNING] - Timeout '0' is invalid. Using default page load timeout: '30'

2022-07-15 10:24:51 - [MESSAGE][PASSED] - Object 'Object Repository/Status Pengajuan/div_Merk Kendaraan  Toyota' is present

2022-07-15 10:24:51 - [TEST_STEP][PASSED] - delay(3): Delayed 3 second(s)

2022-07-15 10:24:54 - [MESSAGE][PASSED] - Delayed 3 second(s)

2022-07-15 10:24:54 - [TEST_STEP][PASSED] - verifyElementPresent(findTestObject("Status Pengajuan/div_Kondisi Kendaraan  New"), 0): Object 'Object Repository/Status Pengajuan/div_Kondisi Kendaraan  New' is present

2022-07-15 10:24:54 - [MESSAGE][WARNING] - Timeout '0' is invalid. Using default page load timeout: '30'

2022-07-15 10:24:54 - [MESSAGE][PASSED] - Object 'Object Repository/Status Pengajuan/div_Kondisi Kendaraan  New' is present

2022-07-15 10:24:54 - [TEST_STEP][PASSED] - delay(3): Delayed 3 second(s)

2022-07-15 10:24:57 - [MESSAGE][PASSED] - Delayed 3 second(s)

2022-07-15 10:24:57 - [TEST_STEP][PASSED] - verifyElementPresent(findTestObject("Status Pengajuan/div_Tanggal Pengajuan  14 Jul 2022  0134"), 0): Object 'Object Repository/Status Pengajuan/div_Tanggal Pengajuan  14 Jul 2022  0134' is present

2022-07-15 10:24:58 - [MESSAGE][WARNING] - Timeout '0' is invalid. Using default page load timeout: '30'

2022-07-15 10:24:58 - [MESSAGE][PASSED] - Object 'Object Repository/Status Pengajuan/div_Tanggal Pengajuan  14 Jul 2022  0134' is present

2022-07-15 10:24:58 - [TEST_STEP][PASSED] - delay(3): Delayed 3 second(s)

2022-07-15 10:25:01 - [MESSAGE][PASSED] - Delayed 3 second(s)

2022-07-15 10:25:01 - [TEST_STEP][PASSED] - verifyElementPresent(findTestObject("Status Pengajuan/div_Model Kendaraan  New avanza"), 0): Object 'Object Repository/Status Pengajuan/div_Model Kendaraan  New avanza' is present

2022-07-15 10:25:01 - [MESSAGE][WARNING] - Timeout '0' is invalid. Using default page load timeout: '30'

2022-07-15 10:25:02 - [MESSAGE][PASSED] - Object 'Object Repository/Status Pengajuan/div_Model Kendaraan  New avanza' is present

2022-07-15 10:25:02 - [TEST_STEP][PASSED] - delay(3): Delayed 3 second(s)

2022-07-15 10:25:05 - [MESSAGE][PASSED] - Delayed 3 second(s)

2022-07-15 10:25:05 - [TEST_STEP][PASSED] - verifyElementPresent(findTestObject("Status Pengajuan/div_Nomor Polisi"), 0): Object 'Object Repository/Status Pengajuan/div_Nomor Polisi' is present

2022-07-15 10:25:05 - [MESSAGE][WARNING] - Timeout '0' is invalid. Using default page load timeout: '30'

2022-07-15 10:25:05 - [MESSAGE][PASSED] - Object 'Object Repository/Status Pengajuan/div_Nomor Polisi' is present

2022-07-15 10:25:05 - [TEST_STEP][PASSED] - delay(3): Delayed 3 second(s)

2022-07-15 10:25:08 - [MESSAGE][PASSED] - Delayed 3 second(s)

2022-07-15 10:25:08 - [TEST_STEP][PASSED] - takeFullPageScreenshotAsCheckpoint(userDir + sswebviewtracking + "Screenshoot Web Tracking Halaman Detail Pengajuan.png"): Taking screenshot successfully

2022-07-15 10:25:09 - [MESSAGE][INFO] - 0 hidden object(s)

2022-07-15 10:25:09 - [MESSAGE][PASSED] - Taking screenshot successfully
[[ATTACHMENT|C:\Users\Nia Yusniati\Git_Asa\webview-tracking\Screenshoot\keyes\keyes-Web TrackingScreenshoot Web Tracking Halaman Detail Pengajuan.png]]

2022-07-15 10:25:09 - [TEST_STEP][PASSED] - markPassed("Screenshoot Web Tracking Halaman Detail Pengajuan"): Screenshoot Web Tracking Halaman Detail Pengajuan

2022-07-15 10:25:09 - [MESSAGE][PASSED] - Screenshoot Web Tracking Halaman Detail Pengajuan

2022-07-15 10:25:09 - [TEST_STEP][PASSED] - comment("Halaman Detail sampai mana"): Halaman Detail sampai mana

2022-07-15 10:25:09 - [MESSAGE][INFO] - Halaman Detail sampai mana

2022-07-15 10:25:09 - [TEST_STEP][PASSED] - delay(3): Delayed 3 second(s)

2022-07-15 10:25:12 - [MESSAGE][PASSED] - Delayed 3 second(s)

2022-07-15 10:25:12 - [TEST_STEP][PASSED] - scrollToElement(findTestObject("Status Pengajuan/ul_Realisasi"), 0): Scroll to object 'Object Repository/Status Pengajuan/ul_Realisasi' successfully

2022-07-15 10:25:12 - [MESSAGE][WARNING] - Timeout '0' is invalid. Using default page load timeout: '30'

2022-07-15 10:25:13 - [MESSAGE][PASSED] - Scroll to object 'Object Repository/Status Pengajuan/ul_Realisasi' successfully

2022-07-15 10:25:13 - [TEST_STEP][PASSED] - verifyElementPresent(findTestObject("Status Pengajuan/ul_Received 14 07 2022 0134 WIB"), 0): Object 'Object Repository/Status Pengajuan/ul_Received 14 07 2022 0134 WIB' is present

2022-07-15 10:25:13 - [MESSAGE][WARNING] - Timeout '0' is invalid. Using default page load timeout: '30'

2022-07-15 10:25:13 - [MESSAGE][PASSED] - Object 'Object Repository/Status Pengajuan/ul_Received 14 07 2022 0134 WIB' is present

2022-07-15 10:25:13 - [TEST_STEP][PASSED] - delay(3): Delayed 3 second(s)

2022-07-15 10:25:16 - [MESSAGE][PASSED] - Delayed 3 second(s)

2022-07-15 10:25:16 - [TEST_STEP][PASSED] - verifyElementPresent(findTestObject("Status Pengajuan/ul_In Progress"), 0): Object 'Object Repository/Status Pengajuan/ul_In Progress' is present

2022-07-15 10:25:16 - [MESSAGE][WARNING] - Timeout '0' is invalid. Using default page load timeout: '30'

2022-07-15 10:25:17 - [MESSAGE][PASSED] - Object 'Object Repository/Status Pengajuan/ul_In Progress' is present

2022-07-15 10:25:17 - [TEST_STEP][PASSED] - delay(3): Delayed 3 second(s)

2022-07-15 10:25:20 - [MESSAGE][PASSED] - Delayed 3 second(s)

2022-07-15 10:25:20 - [TEST_STEP][PASSED] - verifyElementPresent(findTestObject("Status Pengajuan/ul_Waiting Approval"), 0): Object 'Object Repository/Status Pengajuan/ul_Waiting Approval' is present

2022-07-15 10:25:20 - [MESSAGE][WARNING] - Timeout '0' is invalid. Using default page load timeout: '30'

2022-07-15 10:25:20 - [MESSAGE][PASSED] - Object 'Object Repository/Status Pengajuan/ul_Waiting Approval' is present

2022-07-15 10:25:20 - [TEST_STEP][PASSED] - delay(3): Delayed 3 second(s)

2022-07-15 10:25:23 - [MESSAGE][PASSED] - Delayed 3 second(s)

2022-07-15 10:25:23 - [TEST_STEP][PASSED] - verifyElementPresent(findTestObject("Status Pengajuan/ul_Tagihan Masuk"), 0): Object 'Object Repository/Status Pengajuan/ul_Tagihan Masuk' is present

2022-07-15 10:25:23 - [MESSAGE][WARNING] - Timeout '0' is invalid. Using default page load timeout: '30'

2022-07-15 10:25:24 - [MESSAGE][PASSED] - Object 'Object Repository/Status Pengajuan/ul_Tagihan Masuk' is present

2022-07-15 10:25:24 - [TEST_STEP][PASSED] - delay(3): Delayed 3 second(s)

2022-07-15 10:25:27 - [MESSAGE][PASSED] - Delayed 3 second(s)

2022-07-15 10:25:27 - [TEST_STEP][PASSED] - verifyElementPresent(findTestObject("Status Pengajuan/ul_Realisasi"), 0): Object 'Object Repository/Status Pengajuan/ul_Realisasi' is present

2022-07-15 10:25:27 - [MESSAGE][WARNING] - Timeout '0' is invalid. Using default page load timeout: '30'

2022-07-15 10:25:27 - [MESSAGE][PASSED] - Object 'Object Repository/Status Pengajuan/ul_Realisasi' is present

2022-07-15 10:25:27 - [TEST_STEP][PASSED] - delay(5): Delayed 5 second(s)

2022-07-15 10:25:32 - [MESSAGE][PASSED] - Delayed 5 second(s)

2022-07-15 10:25:32 - [TEST_STEP][PASSED] - takeFullPageScreenshotAsCheckpoint(userDir + sswebviewtracking + "Screenshoot Web Tracking Halaman Detail Pengajuan sampai mana.png"): Taking screenshot successfully

2022-07-15 10:25:33 - [MESSAGE][INFO] - 0 hidden object(s)

2022-07-15 10:25:33 - [MESSAGE][PASSED] - Taking screenshot successfully
[[ATTACHMENT|C:\Users\Nia Yusniati\Git_Asa\webview-tracking\Screenshoot\keyes\keyes-Web TrackingScreenshoot Web Tracking Halaman Detail Pengajuan sampai mana.png]]

2022-07-15 10:25:33 - [TEST_STEP][PASSED] - markPassed("Screenshoot Web Tracking Halaman Detail Pengajuan sampai mana"): Screenshoot Web Tracking Halaman Detail Pengajuan sampai mana

2022-07-15 10:25:33 - [MESSAGE][PASSED] - Screenshoot Web Tracking Halaman Detail Pengajuan sampai mana

2022-07-15 10:25:33 - [TEST_STEP][PASSED] - comment("Web Tracking Info setiap pengajuan"): Web Tracking Info setiap pengajuan

2022-07-15 10:25:33 - [MESSAGE][INFO] - Web Tracking Info setiap pengajuan

2022-07-15 10:25:33 - [TEST_STEP][PASSED] - scrollToElement(findTestObject("Status Pengajuan/span_Received"), 0): Scroll to object 'Object Repository/Status Pengajuan/span_Received' successfully

2022-07-15 10:25:33 - [MESSAGE][WARNING] - Timeout '0' is invalid. Using default page load timeout: '30'

2022-07-15 10:25:33 - [MESSAGE][PASSED] - Scroll to object 'Object Repository/Status Pengajuan/span_Received' successfully

2022-07-15 10:25:33 - [TEST_STEP][PASSED] - click(findTestObject("Status Pengajuan/i_Received_far fa-question-circle fs-16")): Object: 'Object Repository/Status Pengajuan/i_Received_far fa-question-circle fs-16' is clicked on

2022-07-15 10:25:34 - [MESSAGE][PASSED] - Object: 'Object Repository/Status Pengajuan/i_Received_far fa-question-circle fs-16' is clicked on

2022-07-15 10:25:34 - [TEST_STEP][PASSED] - verifyElementPresent(findTestObject("Status Pengajuan/Info Status Pengajuan/Page_BcafTracking/h6_Status Pengajuan"), 0): Object 'Object Repository/Status Pengajuan/Info Status Pengajuan/Page_BcafTracking/h6_Status Pengajuan' is present

2022-07-15 10:25:34 - [MESSAGE][WARNING] - Timeout '0' is invalid. Using default page load timeout: '30'

2022-07-15 10:25:35 - [MESSAGE][PASSED] - Object 'Object Repository/Status Pengajuan/Info Status Pengajuan/Page_BcafTracking/h6_Status Pengajuan' is present

2022-07-15 10:25:35 - [TEST_STEP][PASSED] - delay(3): Delayed 3 second(s)

2022-07-15 10:25:38 - [MESSAGE][PASSED] - Delayed 3 second(s)

2022-07-15 10:25:38 - [TEST_STEP][PASSED] - verifyElementPresent(findTestObject("Status Pengajuan/Info Status Pengajuan/Page_BcafTracking/div_Aplikasi DiterimaAplikasi sudah diterima oleh tim BCA Finance"), 0): Object 'Object Repository/Status Pengajuan/Info Status Pengajuan/Page_BcafTracking/div_Aplikasi DiterimaAplikasi sudah diterima oleh tim BCA Finance' is present

2022-07-15 10:25:38 - [MESSAGE][WARNING] - Timeout '0' is invalid. Using default page load timeout: '30'

2022-07-15 10:25:38 - [MESSAGE][PASSED] - Object 'Object Repository/Status Pengajuan/Info Status Pengajuan/Page_BcafTracking/div_Aplikasi DiterimaAplikasi sudah diterima oleh tim BCA Finance' is present

2022-07-15 10:25:38 - [TEST_STEP][PASSED] - delay(3): Delayed 3 second(s)

2022-07-15 10:25:41 - [MESSAGE][PASSED] - Delayed 3 second(s)

2022-07-15 10:25:41 - [TEST_STEP][PASSED] - verifyElementPresent(findTestObject("Status Pengajuan/Info Status Pengajuan/Page_BcafTracking/div_In ProgressAplikasi sudah diterima dan sedang dalam pemeriksaan oleh tim BCA Finance"), 0): Object 'Object Repository/Status Pengajuan/Info Status Pengajuan/Page_BcafTracking/div_In ProgressAplikasi sudah diterima dan sedang dalam pemeriksaan oleh tim BCA Finance' is present

2022-07-15 10:25:41 - [MESSAGE][WARNING] - Timeout '0' is invalid. Using default page load timeout: '30'

2022-07-15 10:25:42 - [MESSAGE][PASSED] - Object 'Object Repository/Status Pengajuan/Info Status Pengajuan/Page_BcafTracking/div_In ProgressAplikasi sudah diterima dan sedang dalam pemeriksaan oleh tim BCA Finance' is present

2022-07-15 10:25:42 - [TEST_STEP][PASSED] - delay(3): Delayed 3 second(s)

2022-07-15 10:25:45 - [MESSAGE][PASSED] - Delayed 3 second(s)

2022-07-15 10:25:45 - [TEST_STEP][PASSED] - verifyElementPresent(findTestObject("Status Pengajuan/Info Status Pengajuan/Page_BcafTracking/div_Wait ApprovalAplikasi sudah disetujui oleh pejabat berwenang BCA Finance"), 0): Object 'Object Repository/Status Pengajuan/Info Status Pengajuan/Page_BcafTracking/div_Wait ApprovalAplikasi sudah disetujui oleh pejabat berwenang BCA Finance' is present

2022-07-15 10:25:45 - [MESSAGE][WARNING] - Timeout '0' is invalid. Using default page load timeout: '30'

2022-07-15 10:25:45 - [MESSAGE][PASSED] - Object 'Object Repository/Status Pengajuan/Info Status Pengajuan/Page_BcafTracking/div_Wait ApprovalAplikasi sudah disetujui oleh pejabat berwenang BCA Finance' is present

2022-07-15 10:25:45 - [TEST_STEP][PASSED] - delay(3): Delayed 3 second(s)

2022-07-15 10:25:48 - [MESSAGE][PASSED] - Delayed 3 second(s)

2022-07-15 10:25:48 - [TEST_STEP][PASSED] - verifyElementPresent(findTestObject("Status Pengajuan/Info Status Pengajuan/Page_BcafTracking/div_Tagihan MasukPembayaran tagihan dari dealer  showroom sedang diproses"), 0): Object 'Object Repository/Status Pengajuan/Info Status Pengajuan/Page_BcafTracking/div_Tagihan MasukPembayaran tagihan dari dealer  showroom sedang diproses' is present

2022-07-15 10:25:49 - [MESSAGE][WARNING] - Timeout '0' is invalid. Using default page load timeout: '30'

2022-07-15 10:25:49 - [MESSAGE][PASSED] - Object 'Object Repository/Status Pengajuan/Info Status Pengajuan/Page_BcafTracking/div_Tagihan MasukPembayaran tagihan dari dealer  showroom sedang diproses' is present

2022-07-15 10:25:49 - [TEST_STEP][PASSED] - delay(3): Delayed 3 second(s)

2022-07-15 10:25:52 - [MESSAGE][PASSED] - Delayed 3 second(s)

2022-07-15 10:25:52 - [TEST_STEP][PASSED] - verifyElementPresent(findTestObject("Status Pengajuan/Info Status Pengajuan/Page_BcafTracking/div_RealisasiTagihan sudah dibayarkan kepada dealer  showroom terkait"), 0): Object 'Object Repository/Status Pengajuan/Info Status Pengajuan/Page_BcafTracking/div_RealisasiTagihan sudah dibayarkan kepada dealer  showroom terkait' is present

2022-07-15 10:25:52 - [MESSAGE][WARNING] - Timeout '0' is invalid. Using default page load timeout: '30'

2022-07-15 10:25:52 - [MESSAGE][PASSED] - Object 'Object Repository/Status Pengajuan/Info Status Pengajuan/Page_BcafTracking/div_RealisasiTagihan sudah dibayarkan kepada dealer  showroom terkait' is present

2022-07-15 10:25:52 - [TEST_STEP][PASSED] - delay(3): Delayed 3 second(s)

2022-07-15 10:25:55 - [MESSAGE][PASSED] - Delayed 3 second(s)

2022-07-15 10:25:55 - [TEST_STEP][PASSED] - verifyElementPresent(findTestObject("Status Pengajuan/Info Status Pengajuan/Page_BcafTracking/div_RejectedAplikasi Anda belum dapat disetujui. Info lebih lanjut silakan hubungi tim marketing terkait"), 0): Object 'Object Repository/Status Pengajuan/Info Status Pengajuan/Page_BcafTracking/div_RejectedAplikasi Anda belum dapat disetujui. Info lebih lanjut silakan hubungi tim marketing terkait' is present

2022-07-15 10:25:56 - [MESSAGE][WARNING] - Timeout '0' is invalid. Using default page load timeout: '30'

2022-07-15 10:25:56 - [MESSAGE][PASSED] - Object 'Object Repository/Status Pengajuan/Info Status Pengajuan/Page_BcafTracking/div_RejectedAplikasi Anda belum dapat disetujui. Info lebih lanjut silakan hubungi tim marketing terkait' is present

2022-07-15 10:25:56 - [TEST_STEP][PASSED] - delay(3): Delayed 3 second(s)

2022-07-15 10:25:59 - [MESSAGE][PASSED] - Delayed 3 second(s)

2022-07-15 10:25:59 - [TEST_STEP][PASSED] - verifyElementPresent(findTestObject("Status Pengajuan/Info Status Pengajuan/Page_BcafTracking/div_CanceledAplikasi Anda batal diajukan"), 0): Object 'Object Repository/Status Pengajuan/Info Status Pengajuan/Page_BcafTracking/div_CanceledAplikasi Anda batal diajukan' is present

2022-07-15 10:25:59 - [MESSAGE][WARNING] - Timeout '0' is invalid. Using default page load timeout: '30'

2022-07-15 10:26:00 - [MESSAGE][PASSED] - Object 'Object Repository/Status Pengajuan/Info Status Pengajuan/Page_BcafTracking/div_CanceledAplikasi Anda batal diajukan' is present

2022-07-15 10:26:00 - [TEST_STEP][PASSED] - delay(3): Delayed 3 second(s)

2022-07-15 10:26:03 - [MESSAGE][PASSED] - Delayed 3 second(s)

2022-07-15 10:26:03 - [TEST_STEP][PASSED] - takeFullPageScreenshotAsCheckpoint(userDir + sswebviewtracking + "Screenshoot Web Tracking Info Pengajuan.png"): Taking screenshot successfully

2022-07-15 10:26:03 - [MESSAGE][INFO] - 0 hidden object(s)

2022-07-15 10:26:03 - [MESSAGE][PASSED] - Taking screenshot successfully
[[ATTACHMENT|C:\Users\Nia Yusniati\Git_Asa\webview-tracking\Screenshoot\keyes\keyes-Web TrackingScreenshoot Web Tracking Info Pengajuan.png]]

2022-07-15 10:26:03 - [TEST_STEP][PASSED] - markPassed("Screenshoot Web Tracking Info Pengajuan"): Screenshoot Web Tracking Info Pengajuan

2022-07-15 10:26:03 - [MESSAGE][PASSED] - Screenshoot Web Tracking Info Pengajuan

2022-07-15 10:26:03 - [TEST_STEP][PASSED] - delay(5): Delayed 5 second(s)

2022-07-15 10:26:08 - [MESSAGE][PASSED] - Delayed 5 second(s)]]></system-out>
         <system-err><![CDATA[]]></system-err>
      </testcase>
      <system-out><![CDATA[2022-07-15 10:23:47 - [TEST_SUITE][PASSED] - 1: Test Cases/web]]></system-out>
      <system-err><![CDATA[]]></system-err>
   </testsuite>
</testsuites>
